Determining if the Q_WS_WIN exist failed with the following output:
Change Dir: /fs03/share/users/robinson.ruiz/home/Bureau/tp_tissus/tp_tissus_partie_2/build/CMakeFiles/CMakeTmp

Run Build Command:/usr/bin/make "cmTryCompileExec1205701755/fast"
make: AVERTISSEMENT: fichier « Makefile » a une date de modification 0,055 dans le futur
/usr/bin/make -f CMakeFiles/cmTryCompileExec1205701755.dir/build.make CMakeFiles/cmTryCompileExec1205701755.dir/build
make[1]: entrant dans le répertoire « /fs03/share/users/robinson.ruiz/home/Bureau/tp_tissus/tp_tissus_partie_2/build/CMakeFiles/CMakeTmp »
make[1]: AVERTISSEMENT: fichier « CMakeFiles/cmTryCompileExec1205701755.dir/flags.make » a une date de modification 0,05 dans le futur
/usr/bin/cmake -E cmake_progress_report /fs03/share/users/robinson.ruiz/home/Bureau/tp_tissus/tp_tissus_partie_2/build/CMakeFiles/CMakeTmp/CMakeFiles 1
Building CXX object CMakeFiles/cmTryCompileExec1205701755.dir/CheckSymbolExists.cxx.o
/usr/bin/c++    -I/usr/include/qt4    -o CMakeFiles/cmTryCompileExec1205701755.dir/CheckSymbolExists.cxx.o -c /fs03/share/users/robinson.ruiz/home/Bureau/tp_tissus/tp_tissus_partie_2/build/CMakeFiles/CMakeTmp/CheckSymbolExists.cxx
/fs03/share/users/robinson.ruiz/home/Bureau/tp_tissus/tp_tissus_partie_2/build/CMakeFiles/CMakeTmp/CheckSymbolExists.cxx: In function ‘int main(int, char**)’:
/fs03/share/users/robinson.ruiz/home/Bureau/tp_tissus/tp_tissus_partie_2/build/CMakeFiles/CMakeTmp/CheckSymbolExists.cxx:8:19: error: ‘Q_WS_WIN’ was not declared in this scope
   return ((int*)(&Q_WS_WIN))[argc];
                   ^
make[1]: *** [CMakeFiles/cmTryCompileExec1205701755.dir/CheckSymbolExists.cxx.o] Erreur 1
make[1]: quittant le répertoire « /fs03/share/users/robinson.ruiz/home/Bureau/tp_tissus/tp_tissus_partie_2/build/CMakeFiles/CMakeTmp »
make: *** [cmTryCompileExec1205701755/fast] Erreur 2

File /fs03/share/users/robinson.ruiz/home/Bureau/tp_tissus/tp_tissus_partie_2/build/CMakeFiles/CMakeTmp/CheckSymbolExists.cxx:
/* */
#include <QtCore/qglobal.h>

int main(int argc, char** argv)
{
  (void)argv;
#ifndef Q_WS_WIN
  return ((int*)(&Q_WS_WIN))[argc];
#else
  (void)argc;
  return 0;
#endif
}

Determining if the Q_WS_QWS exist failed with the following output:
Change Dir: /fs03/share/users/robinson.ruiz/home/Bureau/tp_tissus/tp_tissus_partie_2/build/CMakeFiles/CMakeTmp

Run Build Command:/usr/bin/make "cmTryCompileExec660337645/fast"
make: AVERTISSEMENT: fichier « Makefile » a une date de modification 0,054 dans le futur
/usr/bin/make -f CMakeFiles/cmTryCompileExec660337645.dir/build.make CMakeFiles/cmTryCompileExec660337645.dir/build
make[1]: entrant dans le répertoire « /fs03/share/users/robinson.ruiz/home/Bureau/tp_tissus/tp_tissus_partie_2/build/CMakeFiles/CMakeTmp »
make[1]: AVERTISSEMENT: fichier « CMakeFiles/cmTryCompileExec660337645.dir/flags.make » a une date de modification 0,05 dans le futur
/usr/bin/cmake -E cmake_progress_report /fs03/share/users/robinson.ruiz/home/Bureau/tp_tissus/tp_tissus_partie_2/build/CMakeFiles/CMakeTmp/CMakeFiles 1
Building CXX object CMakeFiles/cmTryCompileExec660337645.dir/CheckSymbolExists.cxx.o
/usr/bin/c++    -I/usr/include/qt4    -o CMakeFiles/cmTryCompileExec660337645.dir/CheckSymbolExists.cxx.o -c /fs03/share/users/robinson.ruiz/home/Bureau/tp_tissus/tp_tissus_partie_2/build/CMakeFiles/CMakeTmp/CheckSymbolExists.cxx
/fs03/share/users/robinson.ruiz/home/Bureau/tp_tissus/tp_tissus_partie_2/build/CMakeFiles/CMakeTmp/CheckSymbolExists.cxx: In function ‘int main(int, char**)’:
/fs03/share/users/robinson.ruiz/home/Bureau/tp_tissus/tp_tissus_partie_2/build/CMakeFiles/CMakeTmp/CheckSymbolExists.cxx:8:19: error: ‘Q_WS_QWS’ was not declared in this scope
   return ((int*)(&Q_WS_QWS))[argc];
                   ^
make[1]: *** [CMakeFiles/cmTryCompileExec660337645.dir/CheckSymbolExists.cxx.o] Erreur 1
make[1]: quittant le répertoire « /fs03/share/users/robinson.ruiz/home/Bureau/tp_tissus/tp_tissus_partie_2/build/CMakeFiles/CMakeTmp »
make: *** [cmTryCompileExec660337645/fast] Erreur 2

File /fs03/share/users/robinson.ruiz/home/Bureau/tp_tissus/tp_tissus_partie_2/build/CMakeFiles/CMakeTmp/CheckSymbolExists.cxx:
/* */
#include <QtCore/qglobal.h>

int main(int argc, char** argv)
{
  (void)argv;
#ifndef Q_WS_QWS
  return ((int*)(&Q_WS_QWS))[argc];
#else
  (void)argc;
  return 0;
#endif
}

Determining if the Q_WS_MAC exist failed with the following output:
Change Dir: /fs03/share/users/robinson.ruiz/home/Bureau/tp_tissus/tp_tissus_partie_2/build/CMakeFiles/CMakeTmp

Run Build Command:/usr/bin/make "cmTryCompileExec395328722/fast"
make: AVERTISSEMENT: fichier « Makefile » a une date de modification 0,054 dans le futur
/usr/bin/make -f CMakeFiles/cmTryCompileExec395328722.dir/build.make CMakeFiles/cmTryCompileExec395328722.dir/build
make[1]: entrant dans le répertoire « /fs03/share/users/robinson.ruiz/home/Bureau/tp_tissus/tp_tissus_partie_2/build/CMakeFiles/CMakeTmp »
make[1]: AVERTISSEMENT: fichier « CMakeFiles/cmTryCompileExec395328722.dir/flags.make » a une date de modification 0,05 dans le futur
/usr/bin/cmake -E cmake_progress_report /fs03/share/users/robinson.ruiz/home/Bureau/tp_tissus/tp_tissus_partie_2/build/CMakeFiles/CMakeTmp/CMakeFiles 1
Building CXX object CMakeFiles/cmTryCompileExec395328722.dir/CheckSymbolExists.cxx.o
/usr/bin/c++    -I/usr/include/qt4    -o CMakeFiles/cmTryCompileExec395328722.dir/CheckSymbolExists.cxx.o -c /fs03/share/users/robinson.ruiz/home/Bureau/tp_tissus/tp_tissus_partie_2/build/CMakeFiles/CMakeTmp/CheckSymbolExists.cxx
/fs03/share/users/robinson.ruiz/home/Bureau/tp_tissus/tp_tissus_partie_2/build/CMakeFiles/CMakeTmp/CheckSymbolExists.cxx: In function ‘int main(int, char**)’:
/fs03/share/users/robinson.ruiz/home/Bureau/tp_tissus/tp_tissus_partie_2/build/CMakeFiles/CMakeTmp/CheckSymbolExists.cxx:8:19: error: ‘Q_WS_MAC’ was not declared in this scope
   return ((int*)(&Q_WS_MAC))[argc];
                   ^
make[1]: *** [CMakeFiles/cmTryCompileExec395328722.dir/CheckSymbolExists.cxx.o] Erreur 1
make[1]: quittant le répertoire « /fs03/share/users/robinson.ruiz/home/Bureau/tp_tissus/tp_tissus_partie_2/build/CMakeFiles/CMakeTmp »
make: *** [cmTryCompileExec395328722/fast] Erreur 2

File /fs03/share/users/robinson.ruiz/home/Bureau/tp_tissus/tp_tissus_partie_2/build/CMakeFiles/CMakeTmp/CheckSymbolExists.cxx:
/* */
#include <QtCore/qglobal.h>

int main(int argc, char** argv)
{
  (void)argv;
#ifndef Q_WS_MAC
  return ((int*)(&Q_WS_MAC))[argc];
#else
  (void)argc;
  return 0;
#endif
}

