Determining if the Q_WS_WIN exist failed with the following output:
Change Dir: /fs03/share/users/robinson.ruiz/home/Bureau/tp_tissus/tp_tissus_partie_1/build/CMakeFiles/CMakeTmp

Run Build Command:/usr/bin/make "cmTryCompileExec1085666196/fast"
/usr/bin/make -f CMakeFiles/cmTryCompileExec1085666196.dir/build.make CMakeFiles/cmTryCompileExec1085666196.dir/build
make[1]: entrant dans le répertoire « /fs03/share/users/robinson.ruiz/home/Bureau/tp_tissus/tp_tissus_partie_1/build/CMakeFiles/CMakeTmp »
/usr/bin/cmake -E cmake_progress_report /fs03/share/users/robinson.ruiz/home/Bureau/tp_tissus/tp_tissus_partie_1/build/CMakeFiles/CMakeTmp/CMakeFiles 1
Building CXX object CMakeFiles/cmTryCompileExec1085666196.dir/CheckSymbolExists.cxx.o
/usr/bin/c++    -I/usr/include/qt4    -o CMakeFiles/cmTryCompileExec1085666196.dir/CheckSymbolExists.cxx.o -c /fs03/share/users/robinson.ruiz/home/Bureau/tp_tissus/tp_tissus_partie_1/build/CMakeFiles/CMakeTmp/CheckSymbolExists.cxx
/fs03/share/users/robinson.ruiz/home/Bureau/tp_tissus/tp_tissus_partie_1/build/CMakeFiles/CMakeTmp/CheckSymbolExists.cxx: In function ‘int main(int, char**)’:
/fs03/share/users/robinson.ruiz/home/Bureau/tp_tissus/tp_tissus_partie_1/build/CMakeFiles/CMakeTmp/CheckSymbolExists.cxx:8:19: error: ‘Q_WS_WIN’ was not declared in this scope
   return ((int*)(&Q_WS_WIN))[argc];
                   ^
make[1]: *** [CMakeFiles/cmTryCompileExec1085666196.dir/CheckSymbolExists.cxx.o] Erreur 1
make[1]: quittant le répertoire « /fs03/share/users/robinson.ruiz/home/Bureau/tp_tissus/tp_tissus_partie_1/build/CMakeFiles/CMakeTmp »
make: *** [cmTryCompileExec1085666196/fast] Erreur 2

File /fs03/share/users/robinson.ruiz/home/Bureau/tp_tissus/tp_tissus_partie_1/build/CMakeFiles/CMakeTmp/CheckSymbolExists.cxx:
/* */
#include <QtCore/qglobal.h>

int main(int argc, char** argv)
{
  (void)argv;
#ifndef Q_WS_WIN
  return ((int*)(&Q_WS_WIN))[argc];
#else
  (void)argc;
  return 0;
#endif
}

Determining if the Q_WS_QWS exist failed with the following output:
Change Dir: /fs03/share/users/robinson.ruiz/home/Bureau/tp_tissus/tp_tissus_partie_1/build/CMakeFiles/CMakeTmp

Run Build Command:/usr/bin/make "cmTryCompileExec3431252668/fast"
/usr/bin/make -f CMakeFiles/cmTryCompileExec3431252668.dir/build.make CMakeFiles/cmTryCompileExec3431252668.dir/build
make[1]: entrant dans le répertoire « /fs03/share/users/robinson.ruiz/home/Bureau/tp_tissus/tp_tissus_partie_1/build/CMakeFiles/CMakeTmp »
/usr/bin/cmake -E cmake_progress_report /fs03/share/users/robinson.ruiz/home/Bureau/tp_tissus/tp_tissus_partie_1/build/CMakeFiles/CMakeTmp/CMakeFiles 1
Building CXX object CMakeFiles/cmTryCompileExec3431252668.dir/CheckSymbolExists.cxx.o
/usr/bin/c++    -I/usr/include/qt4    -o CMakeFiles/cmTryCompileExec3431252668.dir/CheckSymbolExists.cxx.o -c /fs03/share/users/robinson.ruiz/home/Bureau/tp_tissus/tp_tissus_partie_1/build/CMakeFiles/CMakeTmp/CheckSymbolExists.cxx
/fs03/share/users/robinson.ruiz/home/Bureau/tp_tissus/tp_tissus_partie_1/build/CMakeFiles/CMakeTmp/CheckSymbolExists.cxx: In function ‘int main(int, char**)’:
/fs03/share/users/robinson.ruiz/home/Bureau/tp_tissus/tp_tissus_partie_1/build/CMakeFiles/CMakeTmp/CheckSymbolExists.cxx:8:19: error: ‘Q_WS_QWS’ was not declared in this scope
   return ((int*)(&Q_WS_QWS))[argc];
                   ^
make[1]: *** [CMakeFiles/cmTryCompileExec3431252668.dir/CheckSymbolExists.cxx.o] Erreur 1
make[1]: quittant le répertoire « /fs03/share/users/robinson.ruiz/home/Bureau/tp_tissus/tp_tissus_partie_1/build/CMakeFiles/CMakeTmp »
make: *** [cmTryCompileExec3431252668/fast] Erreur 2

File /fs03/share/users/robinson.ruiz/home/Bureau/tp_tissus/tp_tissus_partie_1/build/CMakeFiles/CMakeTmp/CheckSymbolExists.cxx:
/* */
#include <QtCore/qglobal.h>

int main(int argc, char** argv)
{
  (void)argv;
#ifndef Q_WS_QWS
  return ((int*)(&Q_WS_QWS))[argc];
#else
  (void)argc;
  return 0;
#endif
}

Determining if the Q_WS_MAC exist failed with the following output:
Change Dir: /fs03/share/users/robinson.ruiz/home/Bureau/tp_tissus/tp_tissus_partie_1/build/CMakeFiles/CMakeTmp

Run Build Command:/usr/bin/make "cmTryCompileExec2413947256/fast"
/usr/bin/make -f CMakeFiles/cmTryCompileExec2413947256.dir/build.make CMakeFiles/cmTryCompileExec2413947256.dir/build
make[1]: entrant dans le répertoire « /fs03/share/users/robinson.ruiz/home/Bureau/tp_tissus/tp_tissus_partie_1/build/CMakeFiles/CMakeTmp »
/usr/bin/cmake -E cmake_progress_report /fs03/share/users/robinson.ruiz/home/Bureau/tp_tissus/tp_tissus_partie_1/build/CMakeFiles/CMakeTmp/CMakeFiles 1
Building CXX object CMakeFiles/cmTryCompileExec2413947256.dir/CheckSymbolExists.cxx.o
/usr/bin/c++    -I/usr/include/qt4    -o CMakeFiles/cmTryCompileExec2413947256.dir/CheckSymbolExists.cxx.o -c /fs03/share/users/robinson.ruiz/home/Bureau/tp_tissus/tp_tissus_partie_1/build/CMakeFiles/CMakeTmp/CheckSymbolExists.cxx
/fs03/share/users/robinson.ruiz/home/Bureau/tp_tissus/tp_tissus_partie_1/build/CMakeFiles/CMakeTmp/CheckSymbolExists.cxx: In function ‘int main(int, char**)’:
/fs03/share/users/robinson.ruiz/home/Bureau/tp_tissus/tp_tissus_partie_1/build/CMakeFiles/CMakeTmp/CheckSymbolExists.cxx:8:19: error: ‘Q_WS_MAC’ was not declared in this scope
   return ((int*)(&Q_WS_MAC))[argc];
                   ^
make[1]: *** [CMakeFiles/cmTryCompileExec2413947256.dir/CheckSymbolExists.cxx.o] Erreur 1
make[1]: quittant le répertoire « /fs03/share/users/robinson.ruiz/home/Bureau/tp_tissus/tp_tissus_partie_1/build/CMakeFiles/CMakeTmp »
make: *** [cmTryCompileExec2413947256/fast] Erreur 2

File /fs03/share/users/robinson.ruiz/home/Bureau/tp_tissus/tp_tissus_partie_1/build/CMakeFiles/CMakeTmp/CheckSymbolExists.cxx:
/* */
#include <QtCore/qglobal.h>

int main(int argc, char** argv)
{
  (void)argv;
#ifndef Q_WS_MAC
  return ((int*)(&Q_WS_MAC))[argc];
#else
  (void)argc;
  return 0;
#endif
}

